mode: atomic
github.com/geekmdtravis/noteclerk/main.go:8.13,13.16 4 0
github.com/geekmdtravis/noteclerk/main.go:13.16,15.3 1 0
github.com/geekmdtravis/noteclerk/noteclerkserver.go:18.85,24.16 4 0
github.com/geekmdtravis/noteclerk/noteclerkserver.go:28.2,31.43 3 0
github.com/geekmdtravis/noteclerk/noteclerkserver.go:35.2,35.12 1 0
github.com/geekmdtravis/noteclerk/noteclerkserver.go:24.16,26.3 1 0
github.com/geekmdtravis/noteclerk/noteclerkserver.go:31.43,33.3 1 0
github.com/geekmdtravis/noteclerk/noteclerkserver.go:38.34,41.2 2 0
github.com/geekmdtravis/noteclerk/noteclerkserver.go:43.125,53.2 3 5
github.com/geekmdtravis/noteclerk/noteclerkserver.go:55.128,58.31 3 1
github.com/geekmdtravis/noteclerk/noteclerkserver.go:68.2,74.18 2 1
github.com/geekmdtravis/noteclerk/noteclerkserver.go:58.31,59.40 1 1
github.com/geekmdtravis/noteclerk/noteclerkserver.go:66.3,66.33 1 1
github.com/geekmdtravis/noteclerk/noteclerkserver.go:59.40,61.30 2 1
github.com/geekmdtravis/noteclerk/noteclerkserver.go:64.4,64.37 1 1
github.com/geekmdtravis/noteclerk/noteclerkserver.go:61.30,63.5 1 1
github.com/geekmdtravis/noteclerk/noteclerkserver.go:77.134,80.37 3 1
github.com/geekmdtravis/noteclerk/noteclerkserver.go:86.2,93.17 2 1
github.com/geekmdtravis/noteclerk/noteclerkserver.go:80.37,81.28 1 1
github.com/geekmdtravis/noteclerk/noteclerkserver.go:81.28,84.4 2 1
github.com/geekmdtravis/noteclerk/noteclerkserver.go:96.122,98.37 2 1
github.com/geekmdtravis/noteclerk/noteclerkserver.go:105.2,112.17 2 1
github.com/geekmdtravis/noteclerk/noteclerkserver.go:98.37,101.44 1 1
github.com/geekmdtravis/noteclerk/noteclerkserver.go:101.44,103.4 1 0
github.com/geekmdtravis/noteclerk/noteclerkserver.go:115.128,116.37 1 1
github.com/geekmdtravis/noteclerk/noteclerkserver.go:122.2,128.17 2 1
github.com/geekmdtravis/noteclerk/noteclerkserver.go:116.37,117.33 1 1
github.com/geekmdtravis/noteclerk/noteclerkserver.go:117.33,119.4 1 1
